<?xml version="1.0" encoding="UTF-8"?>
<testsuite name="com.example.project.TestSpellChecker" tests="5" skipped="0" failures="0" errors="0" timestamp="2025-02-24T14:26:10" hostname="codespaces-9a77c9" time="1.008">
  <properties/>
  <testcase name="testLinearSearchInList()" classname="com.example.project.TestSpellChecker" time="0.036"/>
  <testcase name="testBinarySearchInList2()" classname="com.example.project.TestSpellChecker" time="0.006"/>
  <testcase name="testBinarySearchNotInList()" classname="com.example.project.TestSpellChecker" time="0.009"/>
  <testcase name="testLinearSearchNotInList()" classname="com.example.project.TestSpellChecker" time="0.018"/>
  <testcase name="testBinarySearchInList()" classname="com.example.project.TestSpellChecker" time="0.001"/>
  <system-out><![CDATA[
dictionary.txt file imported successfully!
44357

dictionary.txt file imported successfully!

dictionary.txt file imported successfully!

dictionary.txt file imported successfully!
127143

dictionary.txt file imported successfully!
]]></system-out>
  <system-err><![CDATA[]]></system-err>
</testsuite>
